<?xml version="1.0" encoding="UTF-8"?>
<Site BuildName="Darwin-c++"
	BuildStamp="20241212-2347-Experimental"
	Name="cu-biotedu-3-10.235.150.10.int.colorado.edu"
	Generator="ctest-3.28.3"
	CompilerName="/Applications/Xcode.app/Contents/Developer/Toolchains/XcodeDefault.xctoolchain/usr/bin/c++"
	CompilerVersion="16.0.0.16000026"
	OSName="macOS"
	Hostname="cu-biotedu-3-10.235.150.10.int.colorado.edu"
	OSRelease="14.6"
	OSVersion="23G80"
	OSPlatform="arm64"
	Is64Bits="1"
	VendorString="IBM"
	VendorID="IBM"
	FamilyID="16777228"
	ModelID="2"
	ProcessorCacheSize="131072"
	NumberOfLogicalCPU="12"
	NumberOfPhysicalCPU="12"
	TotalVirtualMemory="0"
	TotalPhysicalMemory="18432"
	LogicalProcessorsPerPhysical="12"
	ProcessorClockFrequency="0"
	>
	<Testing>
		<StartDateTime>Dec 12 16:47 MST</StartDateTime>
		<StartTestTime>1734047240</StartTestTime>
		<TestList/>
		<EndDateTime>Dec 12 16:47 MST</EndDateTime>
		<EndTestTime>1734047240</EndTestTime>
		<ElapsedMinutes>0</ElapsedMinutes>
	</Testing>
</Site>
