<?xml version="1.0" encoding="UTF-8"?>
<Site BuildName="Darwin-c++"
	BuildStamp="20241211-1819-Experimental"
	Name="Zachs-MacBook-Pro.local"
	Generator="ctest-3.28.3"
	CompilerName="/Applications/Xcode.app/Contents/Developer/Toolchains/XcodeDefault.xctoolchain/usr/bin/c++"
	CompilerVersion="16.0.0.16000026"
	OSName="macOS"
	Hostname="Zachs-MacBook-Pro.local"
	OSRelease="14.6"
	OSVersion="23G80"
	OSPlatform="arm64"
	Is64Bits="1"
	VendorString="IBM"
	VendorID="IBM"
	FamilyID="16777228"
	ModelID="2"
	ProcessorCacheSize="131072"
	NumberOfLogicalCPU="12"
	NumberOfPhysicalCPU="12"
	TotalVirtualMemory="0"
	TotalPhysicalMemory="18432"
	LogicalProcessorsPerPhysical="12"
	ProcessorClockFrequency="0"
	>
	<Testing>
		<StartDateTime>Dec 11 12:08 MST</StartDateTime>
		<StartTestTime>1733944133</StartTestTime>
		<TestList/>
		<EndDateTime>Dec 11 12:08 MST</EndDateTime>
		<EndTestTime>1733944133</EndTestTime>
		<ElapsedMinutes>0</ElapsedMinutes>
	</Testing>
</Site>
